<?xml version="1.0" encoding="UTF-8"?>
<!-- Generated by org.testng.reporters.JUnitReportReporter -->
<testsuite skipped="0" hostname="SD" name="com.crm.qa.Testcases.HomePageTest" tests="4" failures="0" timestamp="05 Apr 2020 10:28:28 GMT" time="97.995" errors="0">
  <testcase name="verifyHomePageTest" time="25.888" classname="com.crm.qa.Testcases.HomePageTest"/>
  <testcase name="verifyUserNameTest" time="22.148" classname="com.crm.qa.Testcases.HomePageTest"/>
  <testcase name="verifyDealLinkTest" time="24.549" classname="com.crm.qa.Testcases.HomePageTest"/>
  <testcase name="verfiyContactsLinktest" time="25.410" classname="com.crm.qa.Testcases.HomePageTest"/>
</testsuite> <!-- com.crm.qa.Testcases.HomePageTest -->
