<?xml version="1.0" encoding="UTF-8"?>
<!-- Generated by org.testng.reporters.JUnitReportReporter -->
<testsuite skipped="0" hostname="SD" name="com.crm.qa.Testcases.ContactPageTest" tests="4" failures="0" timestamp="05 Apr 2020 10:28:28 GMT" time="107.266" errors="0">
  <testcase name="verifyContactLabelTest" time="26.433" classname="com.crm.qa.Testcases.ContactPageTest"/>
  <testcase name="validateCreateNewContact" time="27.183" classname="com.crm.qa.Testcases.ContactPageTest"/>
  <testcase name="validateCreateNewContact" time="26.792" classname="com.crm.qa.Testcases.ContactPageTest"/>
  <testcase name="validateCreateNewContact" time="26.858" classname="com.crm.qa.Testcases.ContactPageTest"/>
</testsuite> <!-- com.crm.qa.Testcases.ContactPageTest -->
