<?xml version="1.0" encoding="UTF-8"?>
<!-- Generated by org.testng.reporters.JUnitReportReporter -->
<testsuite skipped="0" hostname="SD" name="com.crm.qa.Testcases.LoginPageTest" tests="3" failures="0" timestamp="05 Apr 2020 10:28:28 GMT" time="45.283" errors="0">
  <testcase name="LoginPageTitleTest" time="11.031" classname="com.crm.qa.Testcases.LoginPageTest"/>
  <testcase name="CrmlogoTest" time="10.313" classname="com.crm.qa.Testcases.LoginPageTest"/>
  <testcase name="logintest" time="23.939" classname="com.crm.qa.Testcases.LoginPageTest"/>
</testsuite> <!-- com.crm.qa.Testcases.LoginPageTest -->
